十二月 22, 2015 2:08:20 下午 org.eclipse.birt.report.model.core.LayoutModule loadLibrarySilently
WARNING: Syntax error found, and see error details.
Error.DesignFileException.SYNTAX_ERROR - 1 errors found! 
1.)  org.eclipse.birt.report.model.parser.DesignParserException (code = Error.DesignParserException.FILE_NOT_FOUND, message : The file "rep/giftplat.rptlibrary" is not found.)

	at org.eclipse.birt.report.model.core.LayoutModule.loadLibrary(LayoutModule.java:379)
	at org.eclipse.birt.report.model.core.LayoutModule.loadLibrarySilently(LayoutModule.java:469)
	at org.eclipse.birt.report.model.parser.IncludedLibrariesStructureListState$IncludedLibraryStructureState.end(IncludedLibrariesStructureListState.java:145)
	at org.eclipse.birt.report.model.util.XMLParserHandler.endElement(XMLParserHandler.java:186)
	at org.apache.xerces.parsers.AbstractSAXParser.endElement(Unknown Source)
	at org.apache.xerces.impl.XMLDocumentFragmentScannerImpl.scanEndElement(Unknown Source)
	at org.apache.xerces.impl.XMLDocumentFragmentScannerImpl$FragmentContentDispatcher.dispatch(Unknown Source)
	at org.apache.xerces.impl.XMLDocumentFragmentScannerImpl.scanDocument(Unknown Source)
	at org.apache.xerces.parsers.XML11Configuration.parse(Unknown Source)
	at org.apache.xerces.parsers.XML11Configuration.parse(Unknown Source)
	at org.apache.xerces.parsers.XMLParser.parse(Unknown Source)
	at org.apache.xerces.parsers.AbstractSAXParser.parse(Unknown Source)
	at org.apache.xerces.jaxp.SAXParserImpl$JAXPSAXParser.parse(Unknown Source)
	at org.apache.xerces.jaxp.SAXParserImpl.parse(Unknown Source)
	at org.eclipse.birt.report.model.parser.ModuleReader.readModule(ModuleReader.java:98)
	at org.eclipse.birt.report.model.parser.DesignReader.read(DesignReader.java:88)
	at org.eclipse.birt.report.model.core.DesignSessionImpl.openDesign(DesignSessionImpl.java:309)
	at org.eclipse.birt.report.model.api.SessionHandleImpl.openDesign(SessionHandleImpl.java:294)
	at org.eclipse.birt.report.model.api.SessionHandle.openDesign(SessionHandle.java:1)
	at org.eclipse.birt.report.engine.parser.ReportParser.getDesignHandle(ReportParser.java:158)
	at org.eclipse.birt.report.engine.api.impl.ReportEngineHelper.getReportDesignHandle(ReportEngineHelper.java:255)
	at org.eclipse.birt.report.engine.api.impl.ReportEngineHelper.openReportDesign(ReportEngineHelper.java:274)
	at org.eclipse.birt.report.engine.api.impl.ReportEngine.openReportDesign(ReportEngine.java:619)
	at org.eclipse.birt.report.service.ReportEngineService.openReportDesign(ReportEngineService.java:395)
	at org.eclipse.birt.report.utility.BirtUtility.getRunnableFromDesignFile(BirtUtility.java:609)
	at org.eclipse.birt.report.context.ViewerAttributeBean.getDesignHandle(ViewerAttributeBean.java:644)
	at org.eclipse.birt.report.context.ViewerAttributeBean.__init(ViewerAttributeBean.java:224)
	at org.eclipse.birt.report.context.BaseAttributeBean.init(BaseAttributeBean.java:230)
	at org.eclipse.birt.report.context.ViewerAttributeBean.<init>(ViewerAttributeBean.java:118)
	at org.eclipse.birt.report.context.BirtContext.__init(BirtContext.java:44)
	at org.eclipse.birt.report.context.BaseContext.<init>(BaseContext.java:69)
	at org.eclipse.birt.report.context.BirtContext.<init>(BirtContext.java:30)
	at org.eclipse.birt.report.servlet.ViewerServlet.__getContext(ViewerServlet.java:150)
	at org.eclipse.birt.report.servlet.BirtSoapMessageDispatcherServlet.doGet(BirtSoapMessageDispatcherServlet.java:151)
	at javax.servlet.http.HttpServlet.service(HttpServlet.java:622)
	at org.apache.axis.transport.http.AxisServletBase.service(AxisServletBase.java:327)
	at javax.servlet.http.HttpServlet.service(HttpServlet.java:729)
	at org.eclipse.birt.report.servlet.BirtSoapMessageDispatcherServlet.service(BirtSoapMessageDispatcherServlet.java:122)
	at org.apache.catalina.core.ApplicationFilterChain.internalDoFilter(ApplicationFilterChain.java:291)
	at org.apache.catalina.core.ApplicationFilterChain.doFilter(ApplicationFilterChain.java:206)
	at org.eclipse.birt.report.filter.ViewerFilter.doFilter(ViewerFilter.java:68)
	at org.apache.catalina.core.ApplicationFilterChain.internalDoFilter(ApplicationFilterChain.java:239)
	at org.apache.catalina.core.ApplicationFilterChain.doFilter(ApplicationFilterChain.java:206)
	at org.apache.tomcat.websocket.server.WsFilter.doFilter(WsFilter.java:52)
	at org.apache.catalina.core.ApplicationFilterChain.internalDoFilter(ApplicationFilterChain.java:239)
	at org.apache.catalina.core.ApplicationFilterChain.doFilter(ApplicationFilterChain.java:206)
	at org.apache.catalina.core.StandardWrapperValve.invoke(StandardWrapperValve.java:217)
	at org.apache.catalina.core.StandardContextValve.invoke(StandardContextValve.java:106)
	at org.apache.catalina.authenticator.AuthenticatorBase.invoke(AuthenticatorBase.java:502)
	at org.apache.catalina.core.StandardHostValve.invoke(StandardHostValve.java:142)
	at org.apache.catalina.valves.ErrorReportValve.invoke(ErrorReportValve.java:79)
	at org.apache.catalina.valves.AbstractAccessLogValve.invoke(AbstractAccessLogValve.java:616)
	at org.apache.catalina.core.StandardEngineValve.invoke(StandardEngineValve.java:88)
	at org.apache.catalina.connector.CoyoteAdapter.service(CoyoteAdapter.java:518)
	at org.apache.coyote.http11.AbstractHttp11Processor.process(AbstractHttp11Processor.java:1091)
	at org.apache.coyote.AbstractProtocol$AbstractConnectionHandler.process(AbstractProtocol.java:673)
	at org.apache.tomcat.util.net.NioEndpoint$SocketProcessor.doRun(NioEndpoint.java:1500)
	at org.apache.tomcat.util.net.NioEndpoint$SocketProcessor.run(NioEndpoint.java:1456)
	at java.util.concurrent.ThreadPoolExecutor.runWorker(ThreadPoolExecutor.java:1142)
	at java.util.concurrent.ThreadPoolExecutor$Worker.run(ThreadPoolExecutor.java:617)
	at org.apache.tomcat.util.threads.TaskThread$WrappingRunnable.run(TaskThread.java:61)
	at java.lang.Thread.run(Thread.java:745)

十二月 22, 2015 2:08:21 下午 org.eclipse.birt.report.model.core.LayoutModule loadLibrarySilently
WARNING: Syntax error found, and see error details.
Error.DesignFileException.SYNTAX_ERROR - 1 errors found! 
1.)  org.eclipse.birt.report.model.parser.DesignParserException (code = Error.DesignParserException.FILE_NOT_FOUND, message : The file "rep/giftplat.rptlibrary" is not found.)

	at org.eclipse.birt.report.model.core.LayoutModule.loadLibrary(LayoutModule.java:379)
	at org.eclipse.birt.report.model.core.LayoutModule.loadLibrarySilently(LayoutModule.java:469)
	at org.eclipse.birt.report.model.parser.IncludedLibrariesStructureListState$IncludedLibraryStructureState.end(IncludedLibrariesStructureListState.java:145)
	at org.eclipse.birt.report.model.util.XMLParserHandler.endElement(XMLParserHandler.java:186)
	at org.apache.xerces.parsers.AbstractSAXParser.endElement(Unknown Source)
	at org.apache.xerces.impl.XMLDocumentFragmentScannerImpl.scanEndElement(Unknown Source)
	at org.apache.xerces.impl.XMLDocumentFragmentScannerImpl$FragmentContentDispatcher.dispatch(Unknown Source)
	at org.apache.xerces.impl.XMLDocumentFragmentScannerImpl.scanDocument(Unknown Source)
	at org.apache.xerces.parsers.XML11Configuration.parse(Unknown Source)
	at org.apache.xerces.parsers.XML11Configuration.parse(Unknown Source)
	at org.apache.xerces.parsers.XMLParser.parse(Unknown Source)
	at org.apache.xerces.parsers.AbstractSAXParser.parse(Unknown Source)
	at org.apache.xerces.jaxp.SAXParserImpl$JAXPSAXParser.parse(Unknown Source)
	at org.apache.xerces.jaxp.SAXParserImpl.parse(Unknown Source)
	at org.eclipse.birt.report.model.parser.ModuleReader.readModule(ModuleReader.java:98)
	at org.eclipse.birt.report.model.parser.DesignReader.read(DesignReader.java:88)
	at org.eclipse.birt.report.model.core.DesignSessionImpl.openDesign(DesignSessionImpl.java:309)
	at org.eclipse.birt.report.model.api.SessionHandleImpl.openDesign(SessionHandleImpl.java:294)
	at org.eclipse.birt.report.model.api.SessionHandle.openDesign(SessionHandle.java:1)
	at org.eclipse.birt.report.engine.parser.ReportParser.getDesignHandle(ReportParser.java:158)
	at org.eclipse.birt.report.engine.api.impl.ReportEngineHelper.getReportDesignHandle(ReportEngineHelper.java:255)
	at org.eclipse.birt.report.engine.api.impl.ReportEngineHelper.openReportDesign(ReportEngineHelper.java:274)
	at org.eclipse.birt.report.engine.api.impl.ReportEngine.openReportDesign(ReportEngine.java:619)
	at org.eclipse.birt.report.service.ReportEngineService.openReportDesign(ReportEngineService.java:395)
	at org.eclipse.birt.report.utility.BirtUtility.getRunnableFromDesignFile(BirtUtility.java:609)
	at org.eclipse.birt.report.context.ViewerAttributeBean.getDesignHandle(ViewerAttributeBean.java:644)
	at org.eclipse.birt.report.context.ViewerAttributeBean.__init(ViewerAttributeBean.java:224)
	at org.eclipse.birt.report.context.BaseAttributeBean.init(BaseAttributeBean.java:230)
	at org.eclipse.birt.report.context.ViewerAttributeBean.<init>(ViewerAttributeBean.java:118)
	at org.eclipse.birt.report.context.BirtContext.__init(BirtContext.java:44)
	at org.eclipse.birt.report.context.BaseContext.<init>(BaseContext.java:69)
	at org.eclipse.birt.report.context.BirtContext.<init>(BirtContext.java:30)
	at org.eclipse.birt.report.servlet.ViewerServlet.__getContext(ViewerServlet.java:150)
	at org.eclipse.birt.report.servlet.BirtSoapMessageDispatcherServlet.doPost(BirtSoapMessageDispatcherServlet.java:243)
	at javax.servlet.http.HttpServlet.service(HttpServlet.java:648)
	at org.apache.axis.transport.http.AxisServletBase.service(AxisServletBase.java:327)
	at javax.servlet.http.HttpServlet.service(HttpServlet.java:729)
	at org.eclipse.birt.report.servlet.BirtSoapMessageDispatcherServlet.service(BirtSoapMessageDispatcherServlet.java:122)
	at org.apache.catalina.core.ApplicationFilterChain.internalDoFilter(ApplicationFilterChain.java:291)
	at org.apache.catalina.core.ApplicationFilterChain.doFilter(ApplicationFilterChain.java:206)
	at org.eclipse.birt.report.filter.ViewerFilter.doFilter(ViewerFilter.java:68)
	at org.apache.catalina.core.ApplicationFilterChain.internalDoFilter(ApplicationFilterChain.java:239)
	at org.apache.catalina.core.ApplicationFilterChain.doFilter(ApplicationFilterChain.java:206)
	at org.apache.tomcat.websocket.server.WsFilter.doFilter(WsFilter.java:52)
	at org.apache.catalina.core.ApplicationFilterChain.internalDoFilter(ApplicationFilterChain.java:239)
	at org.apache.catalina.core.ApplicationFilterChain.doFilter(ApplicationFilterChain.java:206)
	at org.apache.catalina.core.StandardWrapperValve.invoke(StandardWrapperValve.java:217)
	at org.apache.catalina.core.StandardContextValve.invoke(StandardContextValve.java:106)
	at org.apache.catalina.authenticator.AuthenticatorBase.invoke(AuthenticatorBase.java:502)
	at org.apache.catalina.core.StandardHostValve.invoke(StandardHostValve.java:142)
	at org.apache.catalina.valves.ErrorReportValve.invoke(ErrorReportValve.java:79)
	at org.apache.catalina.valves.AbstractAccessLogValve.invoke(AbstractAccessLogValve.java:616)
	at org.apache.catalina.core.StandardEngineValve.invoke(StandardEngineValve.java:88)
	at org.apache.catalina.connector.CoyoteAdapter.service(CoyoteAdapter.java:518)
	at org.apache.coyote.http11.AbstractHttp11Processor.process(AbstractHttp11Processor.java:1091)
	at org.apache.coyote.AbstractProtocol$AbstractConnectionHandler.process(AbstractProtocol.java:673)
	at org.apache.tomcat.util.net.NioEndpoint$SocketProcessor.doRun(NioEndpoint.java:1500)
	at org.apache.tomcat.util.net.NioEndpoint$SocketProcessor.run(NioEndpoint.java:1456)
	at java.util.concurrent.ThreadPoolExecutor.runWorker(ThreadPoolExecutor.java:1142)
	at java.util.concurrent.ThreadPoolExecutor$Worker.run(ThreadPoolExecutor.java:617)
	at org.apache.tomcat.util.threads.TaskThread$WrappingRunnable.run(TaskThread.java:61)
	at java.lang.Thread.run(Thread.java:745)

十二月 22, 2015 2:08:21 下午 org.eclipse.birt.report.engine.data.dte.AbstractDataEngine prepare
SEVERE: Failed to find out data source of data set "gift1".
org.eclipse.birt.report.data.adapter.api.AdapterException: Failed to find out data source of data set "gift1".
	at org.eclipse.birt.report.data.adapter.internal.adapter.DataAdapterUtil.adaptBaseDataSet(DataAdapterUtil.java:78)
	at org.eclipse.birt.report.data.adapter.internal.adapter.OdaDataSetAdapter.<init>(OdaDataSetAdapter.java:55)
	at org.eclipse.birt.report.data.adapter.impl.ModelAdapter.adaptDataSet(ModelAdapter.java:152)
	at org.eclipse.birt.report.engine.adapter.ModelDteApiAdapter.doDefineDataSet(ModelDteApiAdapter.java:294)
	at org.eclipse.birt.report.engine.adapter.ModelDteApiAdapter.defineDataSet(ModelDteApiAdapter.java:235)
	at org.eclipse.birt.report.engine.data.dte.AbstractDataEngine.prepare(AbstractDataEngine.java:159)
	at org.eclipse.birt.report.engine.executor.ReportExecutor.execute(ReportExecutor.java:122)
	at org.eclipse.birt.report.engine.internal.executor.wrap.WrappedReportExecutor.execute(WrappedReportExecutor.java:60)
	at org.eclipse.birt.report.engine.internal.executor.emitter.ReportEmitterExecutor.execute(ReportEmitterExecutor.java:71)
	at org.eclipse.birt.report.engine.internal.executor.wrap.WrappedReportExecutor.execute(WrappedReportExecutor.java:60)
	at org.eclipse.birt.report.engine.internal.executor.dup.SuppressDuplciateReportExecutor.execute(SuppressDuplciateReportExecutor.java:42)
	at org.eclipse.birt.report.engine.internal.executor.wrap.WrappedReportExecutor.execute(WrappedReportExecutor.java:60)
	at org.eclipse.birt.report.engine.internal.executor.l18n.LocalizedReportExecutor.execute(LocalizedReportExecutor.java:61)
	at org.eclipse.birt.report.engine.presentation.ReportDocumentBuilder.build(ReportDocumentBuilder.java:234)
	at org.eclipse.birt.report.engine.api.impl.RunTask.doRun(RunTask.java:273)
	at org.eclipse.birt.report.engine.api.impl.RunTask.run(RunTask.java:89)
	at org.eclipse.birt.report.service.ReportEngineService.runReport(ReportEngineService.java:1325)
	at org.eclipse.birt.report.service.BirtViewerReportService.runReport(BirtViewerReportService.java:159)
	at org.eclipse.birt.report.service.actionhandler.BirtRunReportActionHandler.__execute(BirtRunReportActionHandler.java:81)
	at org.eclipse.birt.report.service.actionhandler.BirtGetPageActionHandler.__checkDocumentExists(BirtGetPageActionHandler.java:58)
	at org.eclipse.birt.report.service.actionhandler.AbstractGetPageActionHandler.prepareParameters(AbstractGetPageActionHandler.java:118)
	at org.eclipse.birt.report.service.actionhandler.AbstractGetPageActionHandler.__execute(AbstractGetPageActionHandler.java:103)
	at org.eclipse.birt.report.service.actionhandler.AbstractBaseActionHandler.execute(AbstractBaseActionHandler.java:90)
	at org.eclipse.birt.report.soapengine.processor.AbstractBaseDocumentProcessor.__executeAction(AbstractBaseDocumentProcessor.java:47)
	at org.eclipse.birt.report.soapengine.processor.AbstractBaseComponentProcessor.executeAction(AbstractBaseComponentProcessor.java:143)
	at org.eclipse.birt.report.soapengine.processor.BirtDocumentProcessor.handleGetPage(BirtDocumentProcessor.java:87)
	at sun.reflect.NativeMethodAccessorImpl.invoke0(Native Method)
	at sun.reflect.NativeMethodAccessorImpl.invoke(NativeMethodAccessorImpl.java:62)
	at sun.reflect.DelegatingMethodAccessorImpl.invoke(DelegatingMethodAccessorImpl.java:43)
	at java.lang.reflect.Method.invoke(Method.java:497)
	at org.eclipse.birt.report.soapengine.processor.AbstractBaseComponentProcessor.process(AbstractBaseComponentProcessor.java:112)
	at org.eclipse.birt.report.soapengine.endpoint.BirtSoapBindingImpl.getUpdatedObjects(BirtSoapBindingImpl.java:66)
	at sun.reflect.NativeMethodAccessorImpl.invoke0(Native Method)
	at sun.reflect.NativeMethodAccessorImpl.invoke(NativeMethodAccessorImpl.java:62)
	at sun.reflect.DelegatingMethodAccessorImpl.invoke(DelegatingMethodAccessorImpl.java:43)
	at java.lang.reflect.Method.invoke(Method.java:497)
	at org.apache.axis.providers.java.RPCProvider.invokeMethod(RPCProvider.java:397)
	at org.apache.axis.providers.java.RPCProvider.processMessage(RPCProvider.java:186)
	at org.apache.axis.providers.java.JavaProvider.invoke(JavaProvider.java:323)
	at org.apache.axis.strategies.InvocationStrategy.visit(InvocationStrategy.java:32)
	at org.apache.axis.SimpleChain.doVisiting(SimpleChain.java:118)
	at org.apache.axis.SimpleChain.invoke(SimpleChain.java:83)
	at org.apache.axis.handlers.soap.SOAPService.invoke(SOAPService.java:454)
	at org.apache.axis.server.AxisServer.invoke(AxisServer.java:281)
	at org.apache.axis.transport.http.AxisServlet.doPost(AxisServlet.java:699)
	at org.eclipse.birt.report.servlet.BirtSoapMessageDispatcherServlet.doPost(BirtSoapMessageDispatcherServlet.java:265)
	at javax.servlet.http.HttpServlet.service(HttpServlet.java:648)
	at org.apache.axis.transport.http.AxisServletBase.service(AxisServletBase.java:327)
	at javax.servlet.http.HttpServlet.service(HttpServlet.java:729)
	at org.eclipse.birt.report.servlet.BirtSoapMessageDispatcherServlet.service(BirtSoapMessageDispatcherServlet.java:122)
	at org.apache.catalina.core.ApplicationFilterChain.internalDoFilter(ApplicationFilterChain.java:291)
	at org.apache.catalina.core.ApplicationFilterChain.doFilter(ApplicationFilterChain.java:206)
	at org.eclipse.birt.report.filter.ViewerFilter.doFilter(ViewerFilter.java:68)
	at org.apache.catalina.core.ApplicationFilterChain.internalDoFilter(ApplicationFilterChain.java:239)
	at org.apache.catalina.core.ApplicationFilterChain.doFilter(ApplicationFilterChain.java:206)
	at org.apache.tomcat.websocket.server.WsFilter.doFilter(WsFilter.java:52)
	at org.apache.catalina.core.ApplicationFilterChain.internalDoFilter(ApplicationFilterChain.java:239)
	at org.apache.catalina.core.ApplicationFilterChain.doFilter(ApplicationFilterChain.java:206)
	at org.apache.catalina.core.StandardWrapperValve.invoke(StandardWrapperValve.java:217)
	at org.apache.catalina.core.StandardContextValve.invoke(StandardContextValve.java:106)
	at org.apache.catalina.authenticator.AuthenticatorBase.invoke(AuthenticatorBase.java:502)
	at org.apache.catalina.core.StandardHostValve.invoke(StandardHostValve.java:142)
	at org.apache.catalina.valves.ErrorReportValve.invoke(ErrorReportValve.java:79)
	at org.apache.catalina.valves.AbstractAccessLogValve.invoke(AbstractAccessLogValve.java:616)
	at org.apache.catalina.core.StandardEngineValve.invoke(StandardEngineValve.java:88)
	at org.apache.catalina.connector.CoyoteAdapter.service(CoyoteAdapter.java:518)
	at org.apache.coyote.http11.AbstractHttp11Processor.process(AbstractHttp11Processor.java:1091)
	at org.apache.coyote.AbstractProtocol$AbstractConnectionHandler.process(AbstractProtocol.java:673)
	at org.apache.tomcat.util.net.NioEndpoint$SocketProcessor.doRun(NioEndpoint.java:1500)
	at org.apache.tomcat.util.net.NioEndpoint$SocketProcessor.run(NioEndpoint.java:1456)
	at java.util.concurrent.ThreadPoolExecutor.runWorker(ThreadPoolExecutor.java:1142)
	at java.util.concurrent.ThreadPoolExecutor$Worker.run(ThreadPoolExecutor.java:617)
	at org.apache.tomcat.util.threads.TaskThread$WrappingRunnable.run(TaskThread.java:61)
	at java.lang.Thread.run(Thread.java:745)

十二月 22, 2015 2:08:21 下午 org.eclipse.birt.report.engine.data.dte.AbstractDataEngine doPrepareQuery
SEVERE: An exception occurred during processing. Please see the following message for details:
Failed to find out data source of data set "gift1".
org.eclipse.birt.report.data.adapter.api.AdapterException: An exception occurred during processing. Please see the following message for details:
Failed to find out data source of data set "gift1".
	at org.eclipse.birt.report.data.adapter.impl.DataRequestSessionImpl.prepare(DataRequestSessionImpl.java:704)
	at org.eclipse.birt.report.engine.data.dte.AbstractDataEngine.doPrepareQuery(AbstractDataEngine.java:236)
	at org.eclipse.birt.report.engine.data.dte.DteDataEngine.doPrepareQuery(DteDataEngine.java:272)
	at org.eclipse.birt.report.engine.data.dte.AbstractDataEngine.prepare(AbstractDataEngine.java:192)
	at org.eclipse.birt.report.engine.executor.ReportExecutor.execute(ReportExecutor.java:122)
	at org.eclipse.birt.report.engine.internal.executor.wrap.WrappedReportExecutor.execute(WrappedReportExecutor.java:60)
	at org.eclipse.birt.report.engine.internal.executor.emitter.ReportEmitterExecutor.execute(ReportEmitterExecutor.java:71)
	at org.eclipse.birt.report.engine.internal.executor.wrap.WrappedReportExecutor.execute(WrappedReportExecutor.java:60)
	at org.eclipse.birt.report.engine.internal.executor.dup.SuppressDuplciateReportExecutor.execute(SuppressDuplciateReportExecutor.java:42)
	at org.eclipse.birt.report.engine.internal.executor.wrap.WrappedReportExecutor.execute(WrappedReportExecutor.java:60)
	at org.eclipse.birt.report.engine.internal.executor.l18n.LocalizedReportExecutor.execute(LocalizedReportExecutor.java:61)
	at org.eclipse.birt.report.engine.presentation.ReportDocumentBuilder.build(ReportDocumentBuilder.java:234)
	at org.eclipse.birt.report.engine.api.impl.RunTask.doRun(RunTask.java:273)
	at org.eclipse.birt.report.engine.api.impl.RunTask.run(RunTask.java:89)
	at org.eclipse.birt.report.service.ReportEngineService.runReport(ReportEngineService.java:1325)
	at org.eclipse.birt.report.service.BirtViewerReportService.runReport(BirtViewerReportService.java:159)
	at org.eclipse.birt.report.service.actionhandler.BirtRunReportActionHandler.__execute(BirtRunReportActionHandler.java:81)
	at org.eclipse.birt.report.service.actionhandler.BirtGetPageActionHandler.__checkDocumentExists(BirtGetPageActionHandler.java:58)
	at org.eclipse.birt.report.service.actionhandler.AbstractGetPageActionHandler.prepareParameters(AbstractGetPageActionHandler.java:118)
	at org.eclipse.birt.report.service.actionhandler.AbstractGetPageActionHandler.__execute(AbstractGetPageActionHandler.java:103)
	at org.eclipse.birt.report.service.actionhandler.AbstractBaseActionHandler.execute(AbstractBaseActionHandler.java:90)
	at org.eclipse.birt.report.soapengine.processor.AbstractBaseDocumentProcessor.__executeAction(AbstractBaseDocumentProcessor.java:47)
	at org.eclipse.birt.report.soapengine.processor.AbstractBaseComponentProcessor.executeAction(AbstractBaseComponentProcessor.java:143)
	at org.eclipse.birt.report.soapengine.processor.BirtDocumentProcessor.handleGetPage(BirtDocumentProcessor.java:87)
	at sun.reflect.NativeMethodAccessorImpl.invoke0(Native Method)
	at sun.reflect.NativeMethodAccessorImpl.invoke(NativeMethodAccessorImpl.java:62)
	at sun.reflect.DelegatingMethodAccessorImpl.invoke(DelegatingMethodAccessorImpl.java:43)
	at java.lang.reflect.Method.invoke(Method.java:497)
	at org.eclipse.birt.report.soapengine.processor.AbstractBaseComponentProcessor.process(AbstractBaseComponentProcessor.java:112)
	at org.eclipse.birt.report.soapengine.endpoint.BirtSoapBindingImpl.getUpdatedObjects(BirtSoapBindingImpl.java:66)
	at sun.reflect.NativeMethodAccessorImpl.invoke0(Native Method)
	at sun.reflect.NativeMethodAccessorImpl.invoke(NativeMethodAccessorImpl.java:62)
	at sun.reflect.DelegatingMethodAccessorImpl.invoke(DelegatingMethodAccessorImpl.java:43)
	at java.lang.reflect.Method.invoke(Method.java:497)
	at org.apache.axis.providers.java.RPCProvider.invokeMethod(RPCProvider.java:397)
	at org.apache.axis.providers.java.RPCProvider.processMessage(RPCProvider.java:186)
	at org.apache.axis.providers.java.JavaProvider.invoke(JavaProvider.java:323)
	at org.apache.axis.strategies.InvocationStrategy.visit(InvocationStrategy.java:32)
	at org.apache.axis.SimpleChain.doVisiting(SimpleChain.java:118)
	at org.apache.axis.SimpleChain.invoke(SimpleChain.java:83)
	at org.apache.axis.handlers.soap.SOAPService.invoke(SOAPService.java:454)
	at org.apache.axis.server.AxisServer.invoke(AxisServer.java:281)
	at org.apache.axis.transport.http.AxisServlet.doPost(AxisServlet.java:699)
	at org.eclipse.birt.report.servlet.BirtSoapMessageDispatcherServlet.doPost(BirtSoapMessageDispatcherServlet.java:265)
	at javax.servlet.http.HttpServlet.service(HttpServlet.java:648)
	at org.apache.axis.transport.http.AxisServletBase.service(AxisServletBase.java:327)
	at javax.servlet.http.HttpServlet.service(HttpServlet.java:729)
	at org.eclipse.birt.report.servlet.BirtSoapMessageDispatcherServlet.service(BirtSoapMessageDispatcherServlet.java:122)
	at org.apache.catalina.core.ApplicationFilterChain.internalDoFilter(ApplicationFilterChain.java:291)
	at org.apache.catalina.core.ApplicationFilterChain.doFilter(ApplicationFilterChain.java:206)
	at org.eclipse.birt.report.filter.ViewerFilter.doFilter(ViewerFilter.java:68)
	at org.apache.catalina.core.ApplicationFilterChain.internalDoFilter(ApplicationFilterChain.java:239)
	at org.apache.catalina.core.ApplicationFilterChain.doFilter(ApplicationFilterChain.java:206)
	at org.apache.tomcat.websocket.server.WsFilter.doFilter(WsFilter.java:52)
	at org.apache.catalina.core.ApplicationFilterChain.internalDoFilter(ApplicationFilterChain.java:239)
	at org.apache.catalina.core.ApplicationFilterChain.doFilter(ApplicationFilterChain.java:206)
	at org.apache.catalina.core.StandardWrapperValve.invoke(StandardWrapperValve.java:217)
	at org.apache.catalina.core.StandardContextValve.invoke(StandardContextValve.java:106)
	at org.apache.catalina.authenticator.AuthenticatorBase.invoke(AuthenticatorBase.java:502)
	at org.apache.catalina.core.StandardHostValve.invoke(StandardHostValve.java:142)
	at org.apache.catalina.valves.ErrorReportValve.invoke(ErrorReportValve.java:79)
	at org.apache.catalina.valves.AbstractAccessLogValve.invoke(AbstractAccessLogValve.java:616)
	at org.apache.catalina.core.StandardEngineValve.invoke(StandardEngineValve.java:88)
	at org.apache.catalina.connector.CoyoteAdapter.service(CoyoteAdapter.java:518)
	at org.apache.coyote.http11.AbstractHttp11Processor.process(AbstractHttp11Processor.java:1091)
	at org.apache.coyote.AbstractProtocol$AbstractConnectionHandler.process(AbstractProtocol.java:673)
	at org.apache.tomcat.util.net.NioEndpoint$SocketProcessor.doRun(NioEndpoint.java:1500)
	at org.apache.tomcat.util.net.NioEndpoint$SocketProcessor.run(NioEndpoint.java:1456)
	at java.util.concurrent.ThreadPoolExecutor.runWorker(ThreadPoolExecutor.java:1142)
	at java.util.concurrent.ThreadPoolExecutor$Worker.run(ThreadPoolExecutor.java:617)
	at org.apache.tomcat.util.threads.TaskThread$WrappingRunnable.run(TaskThread.java:61)
	at java.lang.Thread.run(Thread.java:745)
Caused by: org.eclipse.birt.report.data.adapter.api.AdapterException: Failed to find out data source of data set "gift1".
	at org.eclipse.birt.report.data.adapter.internal.adapter.DataAdapterUtil.adaptBaseDataSet(DataAdapterUtil.java:78)
	at org.eclipse.birt.report.data.adapter.internal.adapter.OdaDataSetAdapter.<init>(OdaDataSetAdapter.java:55)
	at org.eclipse.birt.report.data.adapter.impl.ModelAdapter.adaptDataSet(ModelAdapter.java:152)
	at org.eclipse.birt.report.data.adapter.impl.DefineDataSourceSetUtil.defineDataSourceAndDataSet(DefineDataSourceSetUtil.java:132)
	at org.eclipse.birt.report.data.adapter.impl.DataRequestSessionImpl.defineDataSourceDataSet(DataRequestSessionImpl.java:2110)
	at org.eclipse.birt.report.data.adapter.impl.DataRequestSessionImpl.prepare(DataRequestSessionImpl.java:471)
	at org.eclipse.birt.report.data.adapter.impl.DataRequestSessionImpl.prepare(DataRequestSessionImpl.java:687)
	... 71 more

十二月 22, 2015 2:41:40 下午 org.eclipse.birt.report.model.core.LayoutModule loadLibrarySilently
WARNING: Syntax error found, and see error details.
Error.DesignFileException.SYNTAX_ERROR - 1 errors found! 
1.)  org.eclipse.birt.report.model.parser.DesignParserException (code = Error.DesignParserException.FILE_NOT_FOUND, message : The file "rep/giftplat.rptlibrary" is not found.)

	at org.eclipse.birt.report.model.core.LayoutModule.loadLibrary(LayoutModule.java:379)
	at org.eclipse.birt.report.model.core.LayoutModule.loadLibrarySilently(LayoutModule.java:469)
	at org.eclipse.birt.report.model.parser.IncludedLibrariesStructureListState$IncludedLibraryStructureState.end(IncludedLibrariesStructureListState.java:145)
	at org.eclipse.birt.report.model.util.XMLParserHandler.endElement(XMLParserHandler.java:186)
	at org.apache.xerces.parsers.AbstractSAXParser.endElement(Unknown Source)
	at org.apache.xerces.impl.XMLDocumentFragmentScannerImpl.scanEndElement(Unknown Source)
	at org.apache.xerces.impl.XMLDocumentFragmentScannerImpl$FragmentContentDispatcher.dispatch(Unknown Source)
	at org.apache.xerces.impl.XMLDocumentFragmentScannerImpl.scanDocument(Unknown Source)
	at org.apache.xerces.parsers.XML11Configuration.parse(Unknown Source)
	at org.apache.xerces.parsers.XML11Configuration.parse(Unknown Source)
	at org.apache.xerces.parsers.XMLParser.parse(Unknown Source)
	at org.apache.xerces.parsers.AbstractSAXParser.parse(Unknown Source)
	at org.apache.xerces.jaxp.SAXParserImpl$JAXPSAXParser.parse(Unknown Source)
	at org.apache.xerces.jaxp.SAXParserImpl.parse(Unknown Source)
	at org.eclipse.birt.report.model.parser.ModuleReader.readModule(ModuleReader.java:98)
	at org.eclipse.birt.report.model.parser.DesignReader.read(DesignReader.java:88)
	at org.eclipse.birt.report.model.core.DesignSessionImpl.openDesign(DesignSessionImpl.java:309)
	at org.eclipse.birt.report.model.api.SessionHandleImpl.openDesign(SessionHandleImpl.java:294)
	at org.eclipse.birt.report.model.api.SessionHandle.openDesign(SessionHandle.java:1)
	at org.eclipse.birt.report.engine.parser.ReportParser.getDesignHandle(ReportParser.java:158)
	at org.eclipse.birt.report.engine.api.impl.ReportEngineHelper.getReportDesignHandle(ReportEngineHelper.java:255)
	at org.eclipse.birt.report.engine.api.impl.ReportEngineHelper.openReportDesign(ReportEngineHelper.java:274)
	at org.eclipse.birt.report.engine.api.impl.ReportEngine.openReportDesign(ReportEngine.java:619)
	at org.eclipse.birt.report.service.ReportEngineService.openReportDesign(ReportEngineService.java:395)
	at org.eclipse.birt.report.utility.BirtUtility.getRunnableFromDesignFile(BirtUtility.java:609)
	at org.eclipse.birt.report.context.ViewerAttributeBean.getDesignHandle(ViewerAttributeBean.java:644)
	at org.eclipse.birt.report.context.ViewerAttributeBean.__init(ViewerAttributeBean.java:224)
	at org.eclipse.birt.report.context.BaseAttributeBean.init(BaseAttributeBean.java:230)
	at org.eclipse.birt.report.context.ViewerAttributeBean.<init>(ViewerAttributeBean.java:118)
	at org.eclipse.birt.report.context.BirtContext.__init(BirtContext.java:44)
	at org.eclipse.birt.report.context.BaseContext.<init>(BaseContext.java:69)
	at org.eclipse.birt.report.context.BirtContext.<init>(BirtContext.java:30)
	at org.eclipse.birt.report.servlet.ViewerServlet.__getContext(ViewerServlet.java:150)
	at org.eclipse.birt.report.servlet.BirtSoapMessageDispatcherServlet.doGet(BirtSoapMessageDispatcherServlet.java:151)
	at javax.servlet.http.HttpServlet.service(HttpServlet.java:622)
	at org.apache.axis.transport.http.AxisServletBase.service(AxisServletBase.java:327)
	at javax.servlet.http.HttpServlet.service(HttpServlet.java:729)
	at org.eclipse.birt.report.servlet.BirtSoapMessageDispatcherServlet.service(BirtSoapMessageDispatcherServlet.java:122)
	at org.apache.catalina.core.ApplicationFilterChain.internalDoFilter(ApplicationFilterChain.java:291)
	at org.apache.catalina.core.ApplicationFilterChain.doFilter(ApplicationFilterChain.java:206)
	at org.eclipse.birt.report.filter.ViewerFilter.doFilter(ViewerFilter.java:68)
	at org.apache.catalina.core.ApplicationFilterChain.internalDoFilter(ApplicationFilterChain.java:239)
	at org.apache.catalina.core.ApplicationFilterChain.doFilter(ApplicationFilterChain.java:206)
	at org.apache.tomcat.websocket.server.WsFilter.doFilter(WsFilter.java:52)
	at org.apache.catalina.core.ApplicationFilterChain.internalDoFilter(ApplicationFilterChain.java:239)
	at org.apache.catalina.core.ApplicationFilterChain.doFilter(ApplicationFilterChain.java:206)
	at org.apache.catalina.core.StandardWrapperValve.invoke(StandardWrapperValve.java:217)
	at org.apache.catalina.core.StandardContextValve.invoke(StandardContextValve.java:106)
	at org.apache.catalina.authenticator.AuthenticatorBase.invoke(AuthenticatorBase.java:502)
	at org.apache.catalina.core.StandardHostValve.invoke(StandardHostValve.java:142)
	at org.apache.catalina.valves.ErrorReportValve.invoke(ErrorReportValve.java:79)
	at org.apache.catalina.valves.AbstractAccessLogValve.invoke(AbstractAccessLogValve.java:616)
	at org.apache.catalina.core.StandardEngineValve.invoke(StandardEngineValve.java:88)
	at org.apache.catalina.connector.CoyoteAdapter.service(CoyoteAdapter.java:518)
	at org.apache.coyote.http11.AbstractHttp11Processor.process(AbstractHttp11Processor.java:1091)
	at org.apache.coyote.AbstractProtocol$AbstractConnectionHandler.process(AbstractProtocol.java:673)
	at org.apache.tomcat.util.net.NioEndpoint$SocketProcessor.doRun(NioEndpoint.java:1500)
	at org.apache.tomcat.util.net.NioEndpoint$SocketProcessor.run(NioEndpoint.java:1456)
	at java.util.concurrent.ThreadPoolExecutor.runWorker(ThreadPoolExecutor.java:1142)
	at java.util.concurrent.ThreadPoolExecutor$Worker.run(ThreadPoolExecutor.java:617)
	at org.apache.tomcat.util.threads.TaskThread$WrappingRunnable.run(TaskThread.java:61)
	at java.lang.Thread.run(Thread.java:745)

十二月 22, 2015 2:41:41 下午 org.eclipse.birt.report.model.core.LayoutModule loadLibrarySilently
WARNING: Syntax error found, and see error details.
Error.DesignFileException.SYNTAX_ERROR - 1 errors found! 
1.)  org.eclipse.birt.report.model.parser.DesignParserException (code = Error.DesignParserException.FILE_NOT_FOUND, message : The file "rep/giftplat.rptlibrary" is not found.)

	at org.eclipse.birt.report.model.core.LayoutModule.loadLibrary(LayoutModule.java:379)
	at org.eclipse.birt.report.model.core.LayoutModule.loadLibrarySilently(LayoutModule.java:469)
	at org.eclipse.birt.report.model.parser.IncludedLibrariesStructureListState$IncludedLibraryStructureState.end(IncludedLibrariesStructureListState.java:145)
	at org.eclipse.birt.report.model.util.XMLParserHandler.endElement(XMLParserHandler.java:186)
	at org.apache.xerces.parsers.AbstractSAXParser.endElement(Unknown Source)
	at org.apache.xerces.impl.XMLDocumentFragmentScannerImpl.scanEndElement(Unknown Source)
	at org.apache.xerces.impl.XMLDocumentFragmentScannerImpl$FragmentContentDispatcher.dispatch(Unknown Source)
	at org.apache.xerces.impl.XMLDocumentFragmentScannerImpl.scanDocument(Unknown Source)
	at org.apache.xerces.parsers.XML11Configuration.parse(Unknown Source)
	at org.apache.xerces.parsers.XML11Configuration.parse(Unknown Source)
	at org.apache.xerces.parsers.XMLParser.parse(Unknown Source)
	at org.apache.xerces.parsers.AbstractSAXParser.parse(Unknown Source)
	at org.apache.xerces.jaxp.SAXParserImpl$JAXPSAXParser.parse(Unknown Source)
	at org.apache.xerces.jaxp.SAXParserImpl.parse(Unknown Source)
	at org.eclipse.birt.report.model.parser.ModuleReader.readModule(ModuleReader.java:98)
	at org.eclipse.birt.report.model.parser.DesignReader.read(DesignReader.java:88)
	at org.eclipse.birt.report.model.core.DesignSessionImpl.openDesign(DesignSessionImpl.java:309)
	at org.eclipse.birt.report.model.api.SessionHandleImpl.openDesign(SessionHandleImpl.java:294)
	at org.eclipse.birt.report.model.api.SessionHandle.openDesign(SessionHandle.java:1)
	at org.eclipse.birt.report.engine.parser.ReportParser.getDesignHandle(ReportParser.java:158)
	at org.eclipse.birt.report.engine.api.impl.ReportEngineHelper.getReportDesignHandle(ReportEngineHelper.java:255)
	at org.eclipse.birt.report.engine.api.impl.ReportEngineHelper.openReportDesign(ReportEngineHelper.java:274)
	at org.eclipse.birt.report.engine.api.impl.ReportEngine.openReportDesign(ReportEngine.java:619)
	at org.eclipse.birt.report.service.ReportEngineService.openReportDesign(ReportEngineService.java:395)
	at org.eclipse.birt.report.utility.BirtUtility.getRunnableFromDesignFile(BirtUtility.java:609)
	at org.eclipse.birt.report.context.ViewerAttributeBean.getDesignHandle(ViewerAttributeBean.java:644)
	at org.eclipse.birt.report.context.ViewerAttributeBean.__init(ViewerAttributeBean.java:224)
	at org.eclipse.birt.report.context.BaseAttributeBean.init(BaseAttributeBean.java:230)
	at org.eclipse.birt.report.context.ViewerAttributeBean.<init>(ViewerAttributeBean.java:118)
	at org.eclipse.birt.report.context.BirtContext.__init(BirtContext.java:44)
	at org.eclipse.birt.report.context.BaseContext.<init>(BaseContext.java:69)
	at org.eclipse.birt.report.context.BirtContext.<init>(BirtContext.java:30)
	at org.eclipse.birt.report.servlet.ViewerServlet.__getContext(ViewerServlet.java:150)
	at org.eclipse.birt.report.servlet.BirtSoapMessageDispatcherServlet.doPost(BirtSoapMessageDispatcherServlet.java:243)
	at javax.servlet.http.HttpServlet.service(HttpServlet.java:648)
	at org.apache.axis.transport.http.AxisServletBase.service(AxisServletBase.java:327)
	at javax.servlet.http.HttpServlet.service(HttpServlet.java:729)
	at org.eclipse.birt.report.servlet.BirtSoapMessageDispatcherServlet.service(BirtSoapMessageDispatcherServlet.java:122)
	at org.apache.catalina.core.ApplicationFilterChain.internalDoFilter(ApplicationFilterChain.java:291)
	at org.apache.catalina.core.ApplicationFilterChain.doFilter(ApplicationFilterChain.java:206)
	at org.eclipse.birt.report.filter.ViewerFilter.doFilter(ViewerFilter.java:68)
	at org.apache.catalina.core.ApplicationFilterChain.internalDoFilter(ApplicationFilterChain.java:239)
	at org.apache.catalina.core.ApplicationFilterChain.doFilter(ApplicationFilterChain.java:206)
	at org.apache.tomcat.websocket.server.WsFilter.doFilter(WsFilter.java:52)
	at org.apache.catalina.core.ApplicationFilterChain.internalDoFilter(ApplicationFilterChain.java:239)
	at org.apache.catalina.core.ApplicationFilterChain.doFilter(ApplicationFilterChain.java:206)
	at org.apache.catalina.core.StandardWrapperValve.invoke(StandardWrapperValve.java:217)
	at org.apache.catalina.core.StandardContextValve.invoke(StandardContextValve.java:106)
	at org.apache.catalina.authenticator.AuthenticatorBase.invoke(AuthenticatorBase.java:502)
	at org.apache.catalina.core.StandardHostValve.invoke(StandardHostValve.java:142)
	at org.apache.catalina.valves.ErrorReportValve.invoke(ErrorReportValve.java:79)
	at org.apache.catalina.valves.AbstractAccessLogValve.invoke(AbstractAccessLogValve.java:616)
	at org.apache.catalina.core.StandardEngineValve.invoke(StandardEngineValve.java:88)
	at org.apache.catalina.connector.CoyoteAdapter.service(CoyoteAdapter.java:518)
	at org.apache.coyote.http11.AbstractHttp11Processor.process(AbstractHttp11Processor.java:1091)
	at org.apache.coyote.AbstractProtocol$AbstractConnectionHandler.process(AbstractProtocol.java:673)
	at org.apache.tomcat.util.net.NioEndpoint$SocketProcessor.doRun(NioEndpoint.java:1500)
	at org.apache.tomcat.util.net.NioEndpoint$SocketProcessor.run(NioEndpoint.java:1456)
	at java.util.concurrent.ThreadPoolExecutor.runWorker(ThreadPoolExecutor.java:1142)
	at java.util.concurrent.ThreadPoolExecutor$Worker.run(ThreadPoolExecutor.java:617)
	at org.apache.tomcat.util.threads.TaskThread$WrappingRunnable.run(TaskThread.java:61)
	at java.lang.Thread.run(Thread.java:745)

十二月 22, 2015 2:41:41 下午 org.eclipse.birt.report.engine.data.dte.AbstractDataEngine prepare
SEVERE: Failed to find out data source of data set "gift".
org.eclipse.birt.report.data.adapter.api.AdapterException: Failed to find out data source of data set "gift".
	at org.eclipse.birt.report.data.adapter.internal.adapter.DataAdapterUtil.adaptBaseDataSet(DataAdapterUtil.java:78)
	at org.eclipse.birt.report.data.adapter.internal.adapter.OdaDataSetAdapter.<init>(OdaDataSetAdapter.java:55)
	at org.eclipse.birt.report.data.adapter.impl.ModelAdapter.adaptDataSet(ModelAdapter.java:152)
	at org.eclipse.birt.report.engine.adapter.ModelDteApiAdapter.doDefineDataSet(ModelDteApiAdapter.java:294)
	at org.eclipse.birt.report.engine.adapter.ModelDteApiAdapter.defineDataSet(ModelDteApiAdapter.java:235)
	at org.eclipse.birt.report.engine.data.dte.AbstractDataEngine.prepare(AbstractDataEngine.java:159)
	at org.eclipse.birt.report.engine.executor.ReportExecutor.execute(ReportExecutor.java:122)
	at org.eclipse.birt.report.engine.internal.executor.wrap.WrappedReportExecutor.execute(WrappedReportExecutor.java:60)
	at org.eclipse.birt.report.engine.internal.executor.emitter.ReportEmitterExecutor.execute(ReportEmitterExecutor.java:71)
	at org.eclipse.birt.report.engine.internal.executor.wrap.WrappedReportExecutor.execute(WrappedReportExecutor.java:60)
	at org.eclipse.birt.report.engine.internal.executor.dup.SuppressDuplciateReportExecutor.execute(SuppressDuplciateReportExecutor.java:42)
	at org.eclipse.birt.report.engine.internal.executor.wrap.WrappedReportExecutor.execute(WrappedReportExecutor.java:60)
	at org.eclipse.birt.report.engine.internal.executor.l18n.LocalizedReportExecutor.execute(LocalizedReportExecutor.java:61)
	at org.eclipse.birt.report.engine.presentation.ReportDocumentBuilder.build(ReportDocumentBuilder.java:234)
	at org.eclipse.birt.report.engine.api.impl.RunTask.doRun(RunTask.java:273)
	at org.eclipse.birt.report.engine.api.impl.RunTask.run(RunTask.java:89)
	at org.eclipse.birt.report.service.ReportEngineService.runReport(ReportEngineService.java:1325)
	at org.eclipse.birt.report.service.BirtViewerReportService.runReport(BirtViewerReportService.java:159)
	at org.eclipse.birt.report.service.actionhandler.BirtRunReportActionHandler.__execute(BirtRunReportActionHandler.java:81)
	at org.eclipse.birt.report.service.actionhandler.BirtGetPageActionHandler.__checkDocumentExists(BirtGetPageActionHandler.java:58)
	at org.eclipse.birt.report.service.actionhandler.AbstractGetPageActionHandler.prepareParameters(AbstractGetPageActionHandler.java:118)
	at org.eclipse.birt.report.service.actionhandler.AbstractGetPageActionHandler.__execute(AbstractGetPageActionHandler.java:103)
	at org.eclipse.birt.report.service.actionhandler.AbstractBaseActionHandler.execute(AbstractBaseActionHandler.java:90)
	at org.eclipse.birt.report.soapengine.processor.AbstractBaseDocumentProcessor.__executeAction(AbstractBaseDocumentProcessor.java:47)
	at org.eclipse.birt.report.soapengine.processor.AbstractBaseComponentProcessor.executeAction(AbstractBaseComponentProcessor.java:143)
	at org.eclipse.birt.report.soapengine.processor.BirtDocumentProcessor.handleGetPage(BirtDocumentProcessor.java:87)
	at sun.reflect.NativeMethodAccessorImpl.invoke0(Native Method)
	at sun.reflect.NativeMethodAccessorImpl.invoke(NativeMethodAccessorImpl.java:62)
	at sun.reflect.DelegatingMethodAccessorImpl.invoke(DelegatingMethodAccessorImpl.java:43)
	at java.lang.reflect.Method.invoke(Method.java:497)
	at org.eclipse.birt.report.soapengine.processor.AbstractBaseComponentProcessor.process(AbstractBaseComponentProcessor.java:112)
	at org.eclipse.birt.report.soapengine.endpoint.BirtSoapBindingImpl.getUpdatedObjects(BirtSoapBindingImpl.java:66)
	at sun.reflect.NativeMethodAccessorImpl.invoke0(Native Method)
	at sun.reflect.NativeMethodAccessorImpl.invoke(NativeMethodAccessorImpl.java:62)
	at sun.reflect.DelegatingMethodAccessorImpl.invoke(DelegatingMethodAccessorImpl.java:43)
	at java.lang.reflect.Method.invoke(Method.java:497)
	at org.apache.axis.providers.java.RPCProvider.invokeMethod(RPCProvider.java:397)
	at org.apache.axis.providers.java.RPCProvider.processMessage(RPCProvider.java:186)
	at org.apache.axis.providers.java.JavaProvider.invoke(JavaProvider.java:323)
	at org.apache.axis.strategies.InvocationStrategy.visit(InvocationStrategy.java:32)
	at org.apache.axis.SimpleChain.doVisiting(SimpleChain.java:118)
	at org.apache.axis.SimpleChain.invoke(SimpleChain.java:83)
	at org.apache.axis.handlers.soap.SOAPService.invoke(SOAPService.java:454)
	at org.apache.axis.server.AxisServer.invoke(AxisServer.java:281)
	at org.apache.axis.transport.http.AxisServlet.doPost(AxisServlet.java:699)
	at org.eclipse.birt.report.servlet.BirtSoapMessageDispatcherServlet.doPost(BirtSoapMessageDispatcherServlet.java:265)
	at javax.servlet.http.HttpServlet.service(HttpServlet.java:648)
	at org.apache.axis.transport.http.AxisServletBase.service(AxisServletBase.java:327)
	at javax.servlet.http.HttpServlet.service(HttpServlet.java:729)
	at org.eclipse.birt.report.servlet.BirtSoapMessageDispatcherServlet.service(BirtSoapMessageDispatcherServlet.java:122)
	at org.apache.catalina.core.ApplicationFilterChain.internalDoFilter(ApplicationFilterChain.java:291)
	at org.apache.catalina.core.ApplicationFilterChain.doFilter(ApplicationFilterChain.java:206)
	at org.eclipse.birt.report.filter.ViewerFilter.doFilter(ViewerFilter.java:68)
	at org.apache.catalina.core.ApplicationFilterChain.internalDoFilter(ApplicationFilterChain.java:239)
	at org.apache.catalina.core.ApplicationFilterChain.doFilter(ApplicationFilterChain.java:206)
	at org.apache.tomcat.websocket.server.WsFilter.doFilter(WsFilter.java:52)
	at org.apache.catalina.core.ApplicationFilterChain.internalDoFilter(ApplicationFilterChain.java:239)
	at org.apache.catalina.core.ApplicationFilterChain.doFilter(ApplicationFilterChain.java:206)
	at org.apache.catalina.core.StandardWrapperValve.invoke(StandardWrapperValve.java:217)
	at org.apache.catalina.core.StandardContextValve.invoke(StandardContextValve.java:106)
	at org.apache.catalina.authenticator.AuthenticatorBase.invoke(AuthenticatorBase.java:502)
	at org.apache.catalina.core.StandardHostValve.invoke(StandardHostValve.java:142)
	at org.apache.catalina.valves.ErrorReportValve.invoke(ErrorReportValve.java:79)
	at org.apache.catalina.valves.AbstractAccessLogValve.invoke(AbstractAccessLogValve.java:616)
	at org.apache.catalina.core.StandardEngineValve.invoke(StandardEngineValve.java:88)
	at org.apache.catalina.connector.CoyoteAdapter.service(CoyoteAdapter.java:518)
	at org.apache.coyote.http11.AbstractHttp11Processor.process(AbstractHttp11Processor.java:1091)
	at org.apache.coyote.AbstractProtocol$AbstractConnectionHandler.process(AbstractProtocol.java:673)
	at org.apache.tomcat.util.net.NioEndpoint$SocketProcessor.doRun(NioEndpoint.java:1500)
	at org.apache.tomcat.util.net.NioEndpoint$SocketProcessor.run(NioEndpoint.java:1456)
	at java.util.concurrent.ThreadPoolExecutor.runWorker(ThreadPoolExecutor.java:1142)
	at java.util.concurrent.ThreadPoolExecutor$Worker.run(ThreadPoolExecutor.java:617)
	at org.apache.tomcat.util.threads.TaskThread$WrappingRunnable.run(TaskThread.java:61)
	at java.lang.Thread.run(Thread.java:745)

十二月 22, 2015 2:41:41 下午 org.eclipse.birt.report.engine.data.dte.AbstractDataEngine doPrepareQuery
SEVERE: An exception occurred during processing. Please see the following message for details:
Failed to find out data source of data set "gift".
org.eclipse.birt.report.data.adapter.api.AdapterException: An exception occurred during processing. Please see the following message for details:
Failed to find out data source of data set "gift".
	at org.eclipse.birt.report.data.adapter.impl.DataRequestSessionImpl.prepare(DataRequestSessionImpl.java:704)
	at org.eclipse.birt.report.engine.data.dte.AbstractDataEngine.doPrepareQuery(AbstractDataEngine.java:236)
	at org.eclipse.birt.report.engine.data.dte.DteDataEngine.doPrepareQuery(DteDataEngine.java:272)
	at org.eclipse.birt.report.engine.data.dte.AbstractDataEngine.prepare(AbstractDataEngine.java:192)
	at org.eclipse.birt.report.engine.executor.ReportExecutor.execute(ReportExecutor.java:122)
	at org.eclipse.birt.report.engine.internal.executor.wrap.WrappedReportExecutor.execute(WrappedReportExecutor.java:60)
	at org.eclipse.birt.report.engine.internal.executor.emitter.ReportEmitterExecutor.execute(ReportEmitterExecutor.java:71)
	at org.eclipse.birt.report.engine.internal.executor.wrap.WrappedReportExecutor.execute(WrappedReportExecutor.java:60)
	at org.eclipse.birt.report.engine.internal.executor.dup.SuppressDuplciateReportExecutor.execute(SuppressDuplciateReportExecutor.java:42)
	at org.eclipse.birt.report.engine.internal.executor.wrap.WrappedReportExecutor.execute(WrappedReportExecutor.java:60)
	at org.eclipse.birt.report.engine.internal.executor.l18n.LocalizedReportExecutor.execute(LocalizedReportExecutor.java:61)
	at org.eclipse.birt.report.engine.presentation.ReportDocumentBuilder.build(ReportDocumentBuilder.java:234)
	at org.eclipse.birt.report.engine.api.impl.RunTask.doRun(RunTask.java:273)
	at org.eclipse.birt.report.engine.api.impl.RunTask.run(RunTask.java:89)
	at org.eclipse.birt.report.service.ReportEngineService.runReport(ReportEngineService.java:1325)
	at org.eclipse.birt.report.service.BirtViewerReportService.runReport(BirtViewerReportService.java:159)
	at org.eclipse.birt.report.service.actionhandler.BirtRunReportActionHandler.__execute(BirtRunReportActionHandler.java:81)
	at org.eclipse.birt.report.service.actionhandler.BirtGetPageActionHandler.__checkDocumentExists(BirtGetPageActionHandler.java:58)
	at org.eclipse.birt.report.service.actionhandler.AbstractGetPageActionHandler.prepareParameters(AbstractGetPageActionHandler.java:118)
	at org.eclipse.birt.report.service.actionhandler.AbstractGetPageActionHandler.__execute(AbstractGetPageActionHandler.java:103)
	at org.eclipse.birt.report.service.actionhandler.AbstractBaseActionHandler.execute(AbstractBaseActionHandler.java:90)
	at org.eclipse.birt.report.soapengine.processor.AbstractBaseDocumentProcessor.__executeAction(AbstractBaseDocumentProcessor.java:47)
	at org.eclipse.birt.report.soapengine.processor.AbstractBaseComponentProcessor.executeAction(AbstractBaseComponentProcessor.java:143)
	at org.eclipse.birt.report.soapengine.processor.BirtDocumentProcessor.handleGetPage(BirtDocumentProcessor.java:87)
	at sun.reflect.NativeMethodAccessorImpl.invoke0(Native Method)
	at sun.reflect.NativeMethodAccessorImpl.invoke(NativeMethodAccessorImpl.java:62)
	at sun.reflect.DelegatingMethodAccessorImpl.invoke(DelegatingMethodAccessorImpl.java:43)
	at java.lang.reflect.Method.invoke(Method.java:497)
	at org.eclipse.birt.report.soapengine.processor.AbstractBaseComponentProcessor.process(AbstractBaseComponentProcessor.java:112)
	at org.eclipse.birt.report.soapengine.endpoint.BirtSoapBindingImpl.getUpdatedObjects(BirtSoapBindingImpl.java:66)
	at sun.reflect.NativeMethodAccessorImpl.invoke0(Native Method)
	at sun.reflect.NativeMethodAccessorImpl.invoke(NativeMethodAccessorImpl.java:62)
	at sun.reflect.DelegatingMethodAccessorImpl.invoke(DelegatingMethodAccessorImpl.java:43)
	at java.lang.reflect.Method.invoke(Method.java:497)
	at org.apache.axis.providers.java.RPCProvider.invokeMethod(RPCProvider.java:397)
	at org.apache.axis.providers.java.RPCProvider.processMessage(RPCProvider.java:186)
	at org.apache.axis.providers.java.JavaProvider.invoke(JavaProvider.java:323)
	at org.apache.axis.strategies.InvocationStrategy.visit(InvocationStrategy.java:32)
	at org.apache.axis.SimpleChain.doVisiting(SimpleChain.java:118)
	at org.apache.axis.SimpleChain.invoke(SimpleChain.java:83)
	at org.apache.axis.handlers.soap.SOAPService.invoke(SOAPService.java:454)
	at org.apache.axis.server.AxisServer.invoke(AxisServer.java:281)
	at org.apache.axis.transport.http.AxisServlet.doPost(AxisServlet.java:699)
	at org.eclipse.birt.report.servlet.BirtSoapMessageDispatcherServlet.doPost(BirtSoapMessageDispatcherServlet.java:265)
	at javax.servlet.http.HttpServlet.service(HttpServlet.java:648)
	at org.apache.axis.transport.http.AxisServletBase.service(AxisServletBase.java:327)
	at javax.servlet.http.HttpServlet.service(HttpServlet.java:729)
	at org.eclipse.birt.report.servlet.BirtSoapMessageDispatcherServlet.service(BirtSoapMessageDispatcherServlet.java:122)
	at org.apache.catalina.core.ApplicationFilterChain.internalDoFilter(ApplicationFilterChain.java:291)
	at org.apache.catalina.core.ApplicationFilterChain.doFilter(ApplicationFilterChain.java:206)
	at org.eclipse.birt.report.filter.ViewerFilter.doFilter(ViewerFilter.java:68)
	at org.apache.catalina.core.ApplicationFilterChain.internalDoFilter(ApplicationFilterChain.java:239)
	at org.apache.catalina.core.ApplicationFilterChain.doFilter(ApplicationFilterChain.java:206)
	at org.apache.tomcat.websocket.server.WsFilter.doFilter(WsFilter.java:52)
	at org.apache.catalina.core.ApplicationFilterChain.internalDoFilter(ApplicationFilterChain.java:239)
	at org.apache.catalina.core.ApplicationFilterChain.doFilter(ApplicationFilterChain.java:206)
	at org.apache.catalina.core.StandardWrapperValve.invoke(StandardWrapperValve.java:217)
	at org.apache.catalina.core.StandardContextValve.invoke(StandardContextValve.java:106)
	at org.apache.catalina.authenticator.AuthenticatorBase.invoke(AuthenticatorBase.java:502)
	at org.apache.catalina.core.StandardHostValve.invoke(StandardHostValve.java:142)
	at org.apache.catalina.valves.ErrorReportValve.invoke(ErrorReportValve.java:79)
	at org.apache.catalina.valves.AbstractAccessLogValve.invoke(AbstractAccessLogValve.java:616)
	at org.apache.catalina.core.StandardEngineValve.invoke(StandardEngineValve.java:88)
	at org.apache.catalina.connector.CoyoteAdapter.service(CoyoteAdapter.java:518)
	at org.apache.coyote.http11.AbstractHttp11Processor.process(AbstractHttp11Processor.java:1091)
	at org.apache.coyote.AbstractProtocol$AbstractConnectionHandler.process(AbstractProtocol.java:673)
	at org.apache.tomcat.util.net.NioEndpoint$SocketProcessor.doRun(NioEndpoint.java:1500)
	at org.apache.tomcat.util.net.NioEndpoint$SocketProcessor.run(NioEndpoint.java:1456)
	at java.util.concurrent.ThreadPoolExecutor.runWorker(ThreadPoolExecutor.java:1142)
	at java.util.concurrent.ThreadPoolExecutor$Worker.run(ThreadPoolExecutor.java:617)
	at org.apache.tomcat.util.threads.TaskThread$WrappingRunnable.run(TaskThread.java:61)
	at java.lang.Thread.run(Thread.java:745)
Caused by: org.eclipse.birt.report.data.adapter.api.AdapterException: Failed to find out data source of data set "gift".
	at org.eclipse.birt.report.data.adapter.internal.adapter.DataAdapterUtil.adaptBaseDataSet(DataAdapterUtil.java:78)
	at org.eclipse.birt.report.data.adapter.internal.adapter.OdaDataSetAdapter.<init>(OdaDataSetAdapter.java:55)
	at org.eclipse.birt.report.data.adapter.impl.ModelAdapter.adaptDataSet(ModelAdapter.java:152)
	at org.eclipse.birt.report.data.adapter.impl.DefineDataSourceSetUtil.defineDataSourceAndDataSet(DefineDataSourceSetUtil.java:132)
	at org.eclipse.birt.report.data.adapter.impl.DataRequestSessionImpl.defineDataSourceDataSet(DataRequestSessionImpl.java:2110)
	at org.eclipse.birt.report.data.adapter.impl.DataRequestSessionImpl.prepare(DataRequestSessionImpl.java:471)
	at org.eclipse.birt.report.data.adapter.impl.DataRequestSessionImpl.prepare(DataRequestSessionImpl.java:687)
	... 71 more

十二月 22, 2015 2:42:38 下午 org.eclipse.birt.report.model.core.LayoutModule loadLibrarySilently
WARNING: Syntax error found, and see error details.
Error.DesignFileException.SYNTAX_ERROR - 1 errors found! 
1.)  org.eclipse.birt.report.model.parser.DesignParserException (code = Error.DesignParserException.FILE_NOT_FOUND, message : The file "rep/giftplat.rptlibrary" is not found.)

	at org.eclipse.birt.report.model.core.LayoutModule.loadLibrary(LayoutModule.java:379)
	at org.eclipse.birt.report.model.core.LayoutModule.loadLibrarySilently(LayoutModule.java:469)
	at org.eclipse.birt.report.model.parser.IncludedLibrariesStructureListState$IncludedLibraryStructureState.end(IncludedLibrariesStructureListState.java:145)
	at org.eclipse.birt.report.model.util.XMLParserHandler.endElement(XMLParserHandler.java:186)
	at org.apache.xerces.parsers.AbstractSAXParser.endElement(Unknown Source)
	at org.apache.xerces.impl.XMLDocumentFragmentScannerImpl.scanEndElement(Unknown Source)
	at org.apache.xerces.impl.XMLDocumentFragmentScannerImpl$FragmentContentDispatcher.dispatch(Unknown Source)
	at org.apache.xerces.impl.XMLDocumentFragmentScannerImpl.scanDocument(Unknown Source)
	at org.apache.xerces.parsers.XML11Configuration.parse(Unknown Source)
	at org.apache.xerces.parsers.XML11Configuration.parse(Unknown Source)
	at org.apache.xerces.parsers.XMLParser.parse(Unknown Source)
	at org.apache.xerces.parsers.AbstractSAXParser.parse(Unknown Source)
	at org.apache.xerces.jaxp.SAXParserImpl$JAXPSAXParser.parse(Unknown Source)
	at org.apache.xerces.jaxp.SAXParserImpl.parse(Unknown Source)
	at org.eclipse.birt.report.model.parser.ModuleReader.readModule(ModuleReader.java:98)
	at org.eclipse.birt.report.model.parser.DesignReader.read(DesignReader.java:88)
	at org.eclipse.birt.report.model.core.DesignSessionImpl.openDesign(DesignSessionImpl.java:309)
	at org.eclipse.birt.report.model.api.SessionHandleImpl.openDesign(SessionHandleImpl.java:294)
	at org.eclipse.birt.report.model.api.SessionHandle.openDesign(SessionHandle.java:1)
	at org.eclipse.birt.report.engine.parser.ReportParser.getDesignHandle(ReportParser.java:158)
	at org.eclipse.birt.report.engine.api.impl.ReportEngineHelper.getReportDesignHandle(ReportEngineHelper.java:255)
	at org.eclipse.birt.report.engine.api.impl.ReportEngineHelper.openReportDesign(ReportEngineHelper.java:274)
	at org.eclipse.birt.report.engine.api.impl.ReportEngine.openReportDesign(ReportEngine.java:619)
	at org.eclipse.birt.report.service.ReportEngineService.openReportDesign(ReportEngineService.java:395)
	at org.eclipse.birt.report.utility.BirtUtility.getRunnableFromDesignFile(BirtUtility.java:609)
	at org.eclipse.birt.report.context.ViewerAttributeBean.getDesignHandle(ViewerAttributeBean.java:644)
	at org.eclipse.birt.report.context.ViewerAttributeBean.__init(ViewerAttributeBean.java:224)
	at org.eclipse.birt.report.context.BaseAttributeBean.init(BaseAttributeBean.java:230)
	at org.eclipse.birt.report.context.ViewerAttributeBean.<init>(ViewerAttributeBean.java:118)
	at org.eclipse.birt.report.context.BirtContext.__init(BirtContext.java:44)
	at org.eclipse.birt.report.context.BaseContext.<init>(BaseContext.java:69)
	at org.eclipse.birt.report.context.BirtContext.<init>(BirtContext.java:30)
	at org.eclipse.birt.report.servlet.ViewerServlet.__getContext(ViewerServlet.java:150)
	at org.eclipse.birt.report.servlet.BirtSoapMessageDispatcherServlet.doGet(BirtSoapMessageDispatcherServlet.java:151)
	at javax.servlet.http.HttpServlet.service(HttpServlet.java:622)
	at org.apache.axis.transport.http.AxisServletBase.service(AxisServletBase.java:327)
	at javax.servlet.http.HttpServlet.service(HttpServlet.java:729)
	at org.eclipse.birt.report.servlet.BirtSoapMessageDispatcherServlet.service(BirtSoapMessageDispatcherServlet.java:122)
	at org.apache.catalina.core.ApplicationFilterChain.internalDoFilter(ApplicationFilterChain.java:291)
	at org.apache.catalina.core.ApplicationFilterChain.doFilter(ApplicationFilterChain.java:206)
	at org.eclipse.birt.report.filter.ViewerFilter.doFilter(ViewerFilter.java:68)
	at org.apache.catalina.core.ApplicationFilterChain.internalDoFilter(ApplicationFilterChain.java:239)
	at org.apache.catalina.core.ApplicationFilterChain.doFilter(ApplicationFilterChain.java:206)
	at org.apache.tomcat.websocket.server.WsFilter.doFilter(WsFilter.java:52)
	at org.apache.catalina.core.ApplicationFilterChain.internalDoFilter(ApplicationFilterChain.java:239)
	at org.apache.catalina.core.ApplicationFilterChain.doFilter(ApplicationFilterChain.java:206)
	at org.apache.catalina.core.StandardWrapperValve.invoke(StandardWrapperValve.java:217)
	at org.apache.catalina.core.StandardContextValve.invoke(StandardContextValve.java:106)
	at org.apache.catalina.authenticator.AuthenticatorBase.invoke(AuthenticatorBase.java:502)
	at org.apache.catalina.core.StandardHostValve.invoke(StandardHostValve.java:142)
	at org.apache.catalina.valves.ErrorReportValve.invoke(ErrorReportValve.java:79)
	at org.apache.catalina.valves.AbstractAccessLogValve.invoke(AbstractAccessLogValve.java:616)
	at org.apache.catalina.core.StandardEngineValve.invoke(StandardEngineValve.java:88)
	at org.apache.catalina.connector.CoyoteAdapter.service(CoyoteAdapter.java:518)
	at org.apache.coyote.http11.AbstractHttp11Processor.process(AbstractHttp11Processor.java:1091)
	at org.apache.coyote.AbstractProtocol$AbstractConnectionHandler.process(AbstractProtocol.java:673)
	at org.apache.tomcat.util.net.NioEndpoint$SocketProcessor.doRun(NioEndpoint.java:1500)
	at org.apache.tomcat.util.net.NioEndpoint$SocketProcessor.run(NioEndpoint.java:1456)
	at java.util.concurrent.ThreadPoolExecutor.runWorker(ThreadPoolExecutor.java:1142)
	at java.util.concurrent.ThreadPoolExecutor$Worker.run(ThreadPoolExecutor.java:617)
	at org.apache.tomcat.util.threads.TaskThread$WrappingRunnable.run(TaskThread.java:61)
	at java.lang.Thread.run(Thread.java:745)

十二月 22, 2015 2:42:38 下午 org.eclipse.birt.report.model.core.LayoutModule loadLibrarySilently
WARNING: Syntax error found, and see error details.
Error.DesignFileException.SYNTAX_ERROR - 1 errors found! 
1.)  org.eclipse.birt.report.model.parser.DesignParserException (code = Error.DesignParserException.FILE_NOT_FOUND, message : The file "rep/giftplat.rptlibrary" is not found.)

	at org.eclipse.birt.report.model.core.LayoutModule.loadLibrary(LayoutModule.java:379)
	at org.eclipse.birt.report.model.core.LayoutModule.loadLibrarySilently(LayoutModule.java:469)
	at org.eclipse.birt.report.model.parser.IncludedLibrariesStructureListState$IncludedLibraryStructureState.end(IncludedLibrariesStructureListState.java:145)
	at org.eclipse.birt.report.model.util.XMLParserHandler.endElement(XMLParserHandler.java:186)
	at org.apache.xerces.parsers.AbstractSAXParser.endElement(Unknown Source)
	at org.apache.xerces.impl.XMLDocumentFragmentScannerImpl.scanEndElement(Unknown Source)
	at org.apache.xerces.impl.XMLDocumentFragmentScannerImpl$FragmentContentDispatcher.dispatch(Unknown Source)
	at org.apache.xerces.impl.XMLDocumentFragmentScannerImpl.scanDocument(Unknown Source)
	at org.apache.xerces.parsers.XML11Configuration.parse(Unknown Source)
	at org.apache.xerces.parsers.XML11Configuration.parse(Unknown Source)
	at org.apache.xerces.parsers.XMLParser.parse(Unknown Source)
	at org.apache.xerces.parsers.AbstractSAXParser.parse(Unknown Source)
	at org.apache.xerces.jaxp.SAXParserImpl$JAXPSAXParser.parse(Unknown Source)
	at org.apache.xerces.jaxp.SAXParserImpl.parse(Unknown Source)
	at org.eclipse.birt.report.model.parser.ModuleReader.readModule(ModuleReader.java:98)
	at org.eclipse.birt.report.model.parser.DesignReader.read(DesignReader.java:88)
	at org.eclipse.birt.report.model.core.DesignSessionImpl.openDesign(DesignSessionImpl.java:309)
	at org.eclipse.birt.report.model.api.SessionHandleImpl.openDesign(SessionHandleImpl.java:294)
	at org.eclipse.birt.report.model.api.SessionHandle.openDesign(SessionHandle.java:1)
	at org.eclipse.birt.report.engine.parser.ReportParser.getDesignHandle(ReportParser.java:158)
	at org.eclipse.birt.report.engine.api.impl.ReportEngineHelper.getReportDesignHandle(ReportEngineHelper.java:255)
	at org.eclipse.birt.report.engine.api.impl.ReportEngineHelper.openReportDesign(ReportEngineHelper.java:274)
	at org.eclipse.birt.report.engine.api.impl.ReportEngine.openReportDesign(ReportEngine.java:619)
	at org.eclipse.birt.report.service.ReportEngineService.openReportDesign(ReportEngineService.java:395)
	at org.eclipse.birt.report.utility.BirtUtility.getRunnableFromDesignFile(BirtUtility.java:609)
	at org.eclipse.birt.report.context.ViewerAttributeBean.getDesignHandle(ViewerAttributeBean.java:644)
	at org.eclipse.birt.report.context.ViewerAttributeBean.__init(ViewerAttributeBean.java:224)
	at org.eclipse.birt.report.context.BaseAttributeBean.init(BaseAttributeBean.java:230)
	at org.eclipse.birt.report.context.ViewerAttributeBean.<init>(ViewerAttributeBean.java:118)
	at org.eclipse.birt.report.context.BirtContext.__init(BirtContext.java:44)
	at org.eclipse.birt.report.context.BaseContext.<init>(BaseContext.java:69)
	at org.eclipse.birt.report.context.BirtContext.<init>(BirtContext.java:30)
	at org.eclipse.birt.report.servlet.ViewerServlet.__getContext(ViewerServlet.java:150)
	at org.eclipse.birt.report.servlet.BirtSoapMessageDispatcherServlet.doPost(BirtSoapMessageDispatcherServlet.java:243)
	at javax.servlet.http.HttpServlet.service(HttpServlet.java:648)
	at org.apache.axis.transport.http.AxisServletBase.service(AxisServletBase.java:327)
	at javax.servlet.http.HttpServlet.service(HttpServlet.java:729)
	at org.eclipse.birt.report.servlet.BirtSoapMessageDispatcherServlet.service(BirtSoapMessageDispatcherServlet.java:122)
	at org.apache.catalina.core.ApplicationFilterChain.internalDoFilter(ApplicationFilterChain.java:291)
	at org.apache.catalina.core.ApplicationFilterChain.doFilter(ApplicationFilterChain.java:206)
	at org.eclipse.birt.report.filter.ViewerFilter.doFilter(ViewerFilter.java:68)
	at org.apache.catalina.core.ApplicationFilterChain.internalDoFilter(ApplicationFilterChain.java:239)
	at org.apache.catalina.core.ApplicationFilterChain.doFilter(ApplicationFilterChain.java:206)
	at org.apache.tomcat.websocket.server.WsFilter.doFilter(WsFilter.java:52)
	at org.apache.catalina.core.ApplicationFilterChain.internalDoFilter(ApplicationFilterChain.java:239)
	at org.apache.catalina.core.ApplicationFilterChain.doFilter(ApplicationFilterChain.java:206)
	at org.apache.catalina.core.StandardWrapperValve.invoke(StandardWrapperValve.java:217)
	at org.apache.catalina.core.StandardContextValve.invoke(StandardContextValve.java:106)
	at org.apache.catalina.authenticator.AuthenticatorBase.invoke(AuthenticatorBase.java:502)
	at org.apache.catalina.core.StandardHostValve.invoke(StandardHostValve.java:142)
	at org.apache.catalina.valves.ErrorReportValve.invoke(ErrorReportValve.java:79)
	at org.apache.catalina.valves.AbstractAccessLogValve.invoke(AbstractAccessLogValve.java:616)
	at org.apache.catalina.core.StandardEngineValve.invoke(StandardEngineValve.java:88)
	at org.apache.catalina.connector.CoyoteAdapter.service(CoyoteAdapter.java:518)
	at org.apache.coyote.http11.AbstractHttp11Processor.process(AbstractHttp11Processor.java:1091)
	at org.apache.coyote.AbstractProtocol$AbstractConnectionHandler.process(AbstractProtocol.java:673)
	at org.apache.tomcat.util.net.NioEndpoint$SocketProcessor.doRun(NioEndpoint.java:1500)
	at org.apache.tomcat.util.net.NioEndpoint$SocketProcessor.run(NioEndpoint.java:1456)
	at java.util.concurrent.ThreadPoolExecutor.runWorker(ThreadPoolExecutor.java:1142)
	at java.util.concurrent.ThreadPoolExecutor$Worker.run(ThreadPoolExecutor.java:617)
	at org.apache.tomcat.util.threads.TaskThread$WrappingRunnable.run(TaskThread.java:61)
	at java.lang.Thread.run(Thread.java:745)

十二月 22, 2015 2:42:38 下午 org.eclipse.birt.report.engine.data.dte.AbstractDataEngine prepare
SEVERE: Failed to find out data source of data set "gift".
org.eclipse.birt.report.data.adapter.api.AdapterException: Failed to find out data source of data set "gift".
	at org.eclipse.birt.report.data.adapter.internal.adapter.DataAdapterUtil.adaptBaseDataSet(DataAdapterUtil.java:78)
	at org.eclipse.birt.report.data.adapter.internal.adapter.OdaDataSetAdapter.<init>(OdaDataSetAdapter.java:55)
	at org.eclipse.birt.report.data.adapter.impl.ModelAdapter.adaptDataSet(ModelAdapter.java:152)
	at org.eclipse.birt.report.engine.adapter.ModelDteApiAdapter.doDefineDataSet(ModelDteApiAdapter.java:294)
	at org.eclipse.birt.report.engine.adapter.ModelDteApiAdapter.defineDataSet(ModelDteApiAdapter.java:235)
	at org.eclipse.birt.report.engine.data.dte.AbstractDataEngine.prepare(AbstractDataEngine.java:159)
	at org.eclipse.birt.report.engine.executor.ReportExecutor.execute(ReportExecutor.java:122)
	at org.eclipse.birt.report.engine.internal.executor.wrap.WrappedReportExecutor.execute(WrappedReportExecutor.java:60)
	at org.eclipse.birt.report.engine.internal.executor.emitter.ReportEmitterExecutor.execute(ReportEmitterExecutor.java:71)
	at org.eclipse.birt.report.engine.internal.executor.wrap.WrappedReportExecutor.execute(WrappedReportExecutor.java:60)
	at org.eclipse.birt.report.engine.internal.executor.dup.SuppressDuplciateReportExecutor.execute(SuppressDuplciateReportExecutor.java:42)
	at org.eclipse.birt.report.engine.internal.executor.wrap.WrappedReportExecutor.execute(WrappedReportExecutor.java:60)
	at org.eclipse.birt.report.engine.internal.executor.l18n.LocalizedReportExecutor.execute(LocalizedReportExecutor.java:61)
	at org.eclipse.birt.report.engine.presentation.ReportDocumentBuilder.build(ReportDocumentBuilder.java:234)
	at org.eclipse.birt.report.engine.api.impl.RunTask.doRun(RunTask.java:273)
	at org.eclipse.birt.report.engine.api.impl.RunTask.run(RunTask.java:89)
	at org.eclipse.birt.report.service.ReportEngineService.runReport(ReportEngineService.java:1325)
	at org.eclipse.birt.report.service.BirtViewerReportService.runReport(BirtViewerReportService.java:159)
	at org.eclipse.birt.report.service.actionhandler.BirtRunReportActionHandler.__execute(BirtRunReportActionHandler.java:81)
	at org.eclipse.birt.report.service.actionhandler.BirtGetPageActionHandler.__checkDocumentExists(BirtGetPageActionHandler.java:58)
	at org.eclipse.birt.report.service.actionhandler.AbstractGetPageActionHandler.prepareParameters(AbstractGetPageActionHandler.java:118)
	at org.eclipse.birt.report.service.actionhandler.AbstractGetPageActionHandler.__execute(AbstractGetPageActionHandler.java:103)
	at org.eclipse.birt.report.service.actionhandler.AbstractBaseActionHandler.execute(AbstractBaseActionHandler.java:90)
	at org.eclipse.birt.report.soapengine.processor.AbstractBaseDocumentProcessor.__executeAction(AbstractBaseDocumentProcessor.java:47)
	at org.eclipse.birt.report.soapengine.processor.AbstractBaseComponentProcessor.executeAction(AbstractBaseComponentProcessor.java:143)
	at org.eclipse.birt.report.soapengine.processor.BirtDocumentProcessor.handleGetPage(BirtDocumentProcessor.java:87)
	at sun.reflect.NativeMethodAccessorImpl.invoke0(Native Method)
	at sun.reflect.NativeMethodAccessorImpl.invoke(NativeMethodAccessorImpl.java:62)
	at sun.reflect.DelegatingMethodAccessorImpl.invoke(DelegatingMethodAccessorImpl.java:43)
	at java.lang.reflect.Method.invoke(Method.java:497)
	at org.eclipse.birt.report.soapengine.processor.AbstractBaseComponentProcessor.process(AbstractBaseComponentProcessor.java:112)
	at org.eclipse.birt.report.soapengine.endpoint.BirtSoapBindingImpl.getUpdatedObjects(BirtSoapBindingImpl.java:66)
	at sun.reflect.NativeMethodAccessorImpl.invoke0(Native Method)
	at sun.reflect.NativeMethodAccessorImpl.invoke(NativeMethodAccessorImpl.java:62)
	at sun.reflect.DelegatingMethodAccessorImpl.invoke(DelegatingMethodAccessorImpl.java:43)
	at java.lang.reflect.Method.invoke(Method.java:497)
	at org.apache.axis.providers.java.RPCProvider.invokeMethod(RPCProvider.java:397)
	at org.apache.axis.providers.java.RPCProvider.processMessage(RPCProvider.java:186)
	at org.apache.axis.providers.java.JavaProvider.invoke(JavaProvider.java:323)
	at org.apache.axis.strategies.InvocationStrategy.visit(InvocationStrategy.java:32)
	at org.apache.axis.SimpleChain.doVisiting(SimpleChain.java:118)
	at org.apache.axis.SimpleChain.invoke(SimpleChain.java:83)
	at org.apache.axis.handlers.soap.SOAPService.invoke(SOAPService.java:454)
	at org.apache.axis.server.AxisServer.invoke(AxisServer.java:281)
	at org.apache.axis.transport.http.AxisServlet.doPost(AxisServlet.java:699)
	at org.eclipse.birt.report.servlet.BirtSoapMessageDispatcherServlet.doPost(BirtSoapMessageDispatcherServlet.java:265)
	at javax.servlet.http.HttpServlet.service(HttpServlet.java:648)
	at org.apache.axis.transport.http.AxisServletBase.service(AxisServletBase.java:327)
	at javax.servlet.http.HttpServlet.service(HttpServlet.java:729)
	at org.eclipse.birt.report.servlet.BirtSoapMessageDispatcherServlet.service(BirtSoapMessageDispatcherServlet.java:122)
	at org.apache.catalina.core.ApplicationFilterChain.internalDoFilter(ApplicationFilterChain.java:291)
	at org.apache.catalina.core.ApplicationFilterChain.doFilter(ApplicationFilterChain.java:206)
	at org.eclipse.birt.report.filter.ViewerFilter.doFilter(ViewerFilter.java:68)
	at org.apache.catalina.core.ApplicationFilterChain.internalDoFilter(ApplicationFilterChain.java:239)
	at org.apache.catalina.core.ApplicationFilterChain.doFilter(ApplicationFilterChain.java:206)
	at org.apache.tomcat.websocket.server.WsFilter.doFilter(WsFilter.java:52)
	at org.apache.catalina.core.ApplicationFilterChain.internalDoFilter(ApplicationFilterChain.java:239)
	at org.apache.catalina.core.ApplicationFilterChain.doFilter(ApplicationFilterChain.java:206)
	at org.apache.catalina.core.StandardWrapperValve.invoke(StandardWrapperValve.java:217)
	at org.apache.catalina.core.StandardContextValve.invoke(StandardContextValve.java:106)
	at org.apache.catalina.authenticator.AuthenticatorBase.invoke(AuthenticatorBase.java:502)
	at org.apache.catalina.core.StandardHostValve.invoke(StandardHostValve.java:142)
	at org.apache.catalina.valves.ErrorReportValve.invoke(ErrorReportValve.java:79)
	at org.apache.catalina.valves.AbstractAccessLogValve.invoke(AbstractAccessLogValve.java:616)
	at org.apache.catalina.core.StandardEngineValve.invoke(StandardEngineValve.java:88)
	at org.apache.catalina.connector.CoyoteAdapter.service(CoyoteAdapter.java:518)
	at org.apache.coyote.http11.AbstractHttp11Processor.process(AbstractHttp11Processor.java:1091)
	at org.apache.coyote.AbstractProtocol$AbstractConnectionHandler.process(AbstractProtocol.java:673)
	at org.apache.tomcat.util.net.NioEndpoint$SocketProcessor.doRun(NioEndpoint.java:1500)
	at org.apache.tomcat.util.net.NioEndpoint$SocketProcessor.run(NioEndpoint.java:1456)
	at java.util.concurrent.ThreadPoolExecutor.runWorker(ThreadPoolExecutor.java:1142)
	at java.util.concurrent.ThreadPoolExecutor$Worker.run(ThreadPoolExecutor.java:617)
	at org.apache.tomcat.util.threads.TaskThread$WrappingRunnable.run(TaskThread.java:61)
	at java.lang.Thread.run(Thread.java:745)

十二月 22, 2015 2:42:38 下午 org.eclipse.birt.report.engine.data.dte.AbstractDataEngine doPrepareQuery
SEVERE: An exception occurred during processing. Please see the following message for details:
Failed to find out data source of data set "gift".
org.eclipse.birt.report.data.adapter.api.AdapterException: An exception occurred during processing. Please see the following message for details:
Failed to find out data source of data set "gift".
	at org.eclipse.birt.report.data.adapter.impl.DataRequestSessionImpl.prepare(DataRequestSessionImpl.java:704)
	at org.eclipse.birt.report.engine.data.dte.AbstractDataEngine.doPrepareQuery(AbstractDataEngine.java:236)
	at org.eclipse.birt.report.engine.data.dte.DteDataEngine.doPrepareQuery(DteDataEngine.java:272)
	at org.eclipse.birt.report.engine.data.dte.AbstractDataEngine.prepare(AbstractDataEngine.java:192)
	at org.eclipse.birt.report.engine.executor.ReportExecutor.execute(ReportExecutor.java:122)
	at org.eclipse.birt.report.engine.internal.executor.wrap.WrappedReportExecutor.execute(WrappedReportExecutor.java:60)
	at org.eclipse.birt.report.engine.internal.executor.emitter.ReportEmitterExecutor.execute(ReportEmitterExecutor.java:71)
	at org.eclipse.birt.report.engine.internal.executor.wrap.WrappedReportExecutor.execute(WrappedReportExecutor.java:60)
	at org.eclipse.birt.report.engine.internal.executor.dup.SuppressDuplciateReportExecutor.execute(SuppressDuplciateReportExecutor.java:42)
	at org.eclipse.birt.report.engine.internal.executor.wrap.WrappedReportExecutor.execute(WrappedReportExecutor.java:60)
	at org.eclipse.birt.report.engine.internal.executor.l18n.LocalizedReportExecutor.execute(LocalizedReportExecutor.java:61)
	at org.eclipse.birt.report.engine.presentation.ReportDocumentBuilder.build(ReportDocumentBuilder.java:234)
	at org.eclipse.birt.report.engine.api.impl.RunTask.doRun(RunTask.java:273)
	at org.eclipse.birt.report.engine.api.impl.RunTask.run(RunTask.java:89)
	at org.eclipse.birt.report.service.ReportEngineService.runReport(ReportEngineService.java:1325)
	at org.eclipse.birt.report.service.BirtViewerReportService.runReport(BirtViewerReportService.java:159)
	at org.eclipse.birt.report.service.actionhandler.BirtRunReportActionHandler.__execute(BirtRunReportActionHandler.java:81)
	at org.eclipse.birt.report.service.actionhandler.BirtGetPageActionHandler.__checkDocumentExists(BirtGetPageActionHandler.java:58)
	at org.eclipse.birt.report.service.actionhandler.AbstractGetPageActionHandler.prepareParameters(AbstractGetPageActionHandler.java:118)
	at org.eclipse.birt.report.service.actionhandler.AbstractGetPageActionHandler.__execute(AbstractGetPageActionHandler.java:103)
	at org.eclipse.birt.report.service.actionhandler.AbstractBaseActionHandler.execute(AbstractBaseActionHandler.java:90)
	at org.eclipse.birt.report.soapengine.processor.AbstractBaseDocumentProcessor.__executeAction(AbstractBaseDocumentProcessor.java:47)
	at org.eclipse.birt.report.soapengine.processor.AbstractBaseComponentProcessor.executeAction(AbstractBaseComponentProcessor.java:143)
	at org.eclipse.birt.report.soapengine.processor.BirtDocumentProcessor.handleGetPage(BirtDocumentProcessor.java:87)
	at sun.reflect.NativeMethodAccessorImpl.invoke0(Native Method)
	at sun.reflect.NativeMethodAccessorImpl.invoke(NativeMethodAccessorImpl.java:62)
	at sun.reflect.DelegatingMethodAccessorImpl.invoke(DelegatingMethodAccessorImpl.java:43)
	at java.lang.reflect.Method.invoke(Method.java:497)
	at org.eclipse.birt.report.soapengine.processor.AbstractBaseComponentProcessor.process(AbstractBaseComponentProcessor.java:112)
	at org.eclipse.birt.report.soapengine.endpoint.BirtSoapBindingImpl.getUpdatedObjects(BirtSoapBindingImpl.java:66)
	at sun.reflect.NativeMethodAccessorImpl.invoke0(Native Method)
	at sun.reflect.NativeMethodAccessorImpl.invoke(NativeMethodAccessorImpl.java:62)
	at sun.reflect.DelegatingMethodAccessorImpl.invoke(DelegatingMethodAccessorImpl.java:43)
	at java.lang.reflect.Method.invoke(Method.java:497)
	at org.apache.axis.providers.java.RPCProvider.invokeMethod(RPCProvider.java:397)
	at org.apache.axis.providers.java.RPCProvider.processMessage(RPCProvider.java:186)
	at org.apache.axis.providers.java.JavaProvider.invoke(JavaProvider.java:323)
	at org.apache.axis.strategies.InvocationStrategy.visit(InvocationStrategy.java:32)
	at org.apache.axis.SimpleChain.doVisiting(SimpleChain.java:118)
	at org.apache.axis.SimpleChain.invoke(SimpleChain.java:83)
	at org.apache.axis.handlers.soap.SOAPService.invoke(SOAPService.java:454)
	at org.apache.axis.server.AxisServer.invoke(AxisServer.java:281)
	at org.apache.axis.transport.http.AxisServlet.doPost(AxisServlet.java:699)
	at org.eclipse.birt.report.servlet.BirtSoapMessageDispatcherServlet.doPost(BirtSoapMessageDispatcherServlet.java:265)
	at javax.servlet.http.HttpServlet.service(HttpServlet.java:648)
	at org.apache.axis.transport.http.AxisServletBase.service(AxisServletBase.java:327)
	at javax.servlet.http.HttpServlet.service(HttpServlet.java:729)
	at org.eclipse.birt.report.servlet.BirtSoapMessageDispatcherServlet.service(BirtSoapMessageDispatcherServlet.java:122)
	at org.apache.catalina.core.ApplicationFilterChain.internalDoFilter(ApplicationFilterChain.java:291)
	at org.apache.catalina.core.ApplicationFilterChain.doFilter(ApplicationFilterChain.java:206)
	at org.eclipse.birt.report.filter.ViewerFilter.doFilter(ViewerFilter.java:68)
	at org.apache.catalina.core.ApplicationFilterChain.internalDoFilter(ApplicationFilterChain.java:239)
	at org.apache.catalina.core.ApplicationFilterChain.doFilter(ApplicationFilterChain.java:206)
	at org.apache.tomcat.websocket.server.WsFilter.doFilter(WsFilter.java:52)
	at org.apache.catalina.core.ApplicationFilterChain.internalDoFilter(ApplicationFilterChain.java:239)
	at org.apache.catalina.core.ApplicationFilterChain.doFilter(ApplicationFilterChain.java:206)
	at org.apache.catalina.core.StandardWrapperValve.invoke(StandardWrapperValve.java:217)
	at org.apache.catalina.core.StandardContextValve.invoke(StandardContextValve.java:106)
	at org.apache.catalina.authenticator.AuthenticatorBase.invoke(AuthenticatorBase.java:502)
	at org.apache.catalina.core.StandardHostValve.invoke(StandardHostValve.java:142)
	at org.apache.catalina.valves.ErrorReportValve.invoke(ErrorReportValve.java:79)
	at org.apache.catalina.valves.AbstractAccessLogValve.invoke(AbstractAccessLogValve.java:616)
	at org.apache.catalina.core.StandardEngineValve.invoke(StandardEngineValve.java:88)
	at org.apache.catalina.connector.CoyoteAdapter.service(CoyoteAdapter.java:518)
	at org.apache.coyote.http11.AbstractHttp11Processor.process(AbstractHttp11Processor.java:1091)
	at org.apache.coyote.AbstractProtocol$AbstractConnectionHandler.process(AbstractProtocol.java:673)
	at org.apache.tomcat.util.net.NioEndpoint$SocketProcessor.doRun(NioEndpoint.java:1500)
	at org.apache.tomcat.util.net.NioEndpoint$SocketProcessor.run(NioEndpoint.java:1456)
	at java.util.concurrent.ThreadPoolExecutor.runWorker(ThreadPoolExecutor.java:1142)
	at java.util.concurrent.ThreadPoolExecutor$Worker.run(ThreadPoolExecutor.java:617)
	at org.apache.tomcat.util.threads.TaskThread$WrappingRunnable.run(TaskThread.java:61)
	at java.lang.Thread.run(Thread.java:745)
Caused by: org.eclipse.birt.report.data.adapter.api.AdapterException: Failed to find out data source of data set "gift".
	at org.eclipse.birt.report.data.adapter.internal.adapter.DataAdapterUtil.adaptBaseDataSet(DataAdapterUtil.java:78)
	at org.eclipse.birt.report.data.adapter.internal.adapter.OdaDataSetAdapter.<init>(OdaDataSetAdapter.java:55)
	at org.eclipse.birt.report.data.adapter.impl.ModelAdapter.adaptDataSet(ModelAdapter.java:152)
	at org.eclipse.birt.report.data.adapter.impl.DefineDataSourceSetUtil.defineDataSourceAndDataSet(DefineDataSourceSetUtil.java:132)
	at org.eclipse.birt.report.data.adapter.impl.DataRequestSessionImpl.defineDataSourceDataSet(DataRequestSessionImpl.java:2110)
	at org.eclipse.birt.report.data.adapter.impl.DataRequestSessionImpl.prepare(DataRequestSessionImpl.java:471)
	at org.eclipse.birt.report.data.adapter.impl.DataRequestSessionImpl.prepare(DataRequestSessionImpl.java:687)
	... 71 more

